[2024-12-08T01:51:12.505+0000] {manager.py:483} INFO - Processing files using up to 2 processes at a time 
[2024-12-08T01:51:12.518+0000] {manager.py:484} INFO - Process each file at most once every 30 seconds
[2024-12-08T01:51:12.519+0000] {manager.py:485} INFO - Checking for new files in /opt/airflow/dags every 300 seconds
[2024-12-08T01:51:12.519+0000] {manager.py:821} INFO - Searching for files in /opt/airflow/dags
[2024-12-08T01:51:12.533+0000] {manager.py:824} INFO - There are 0 files in /opt/airflow/dags
[2024-12-08T01:56:12.597+0000] {manager.py:821} INFO - Searching for files in /opt/airflow/dags
[2024-12-08T01:56:12.598+0000] {manager.py:824} INFO - There are 0 files in /opt/airflow/dags
[2024-12-08T02:01:12.661+0000] {manager.py:821} INFO - Searching for files in /opt/airflow/dags
[2024-12-08T02:01:12.662+0000] {manager.py:824} INFO - There are 0 files in /opt/airflow/dags
[2024-12-08T02:06:13.381+0000] {manager.py:821} INFO - Searching for files in /opt/airflow/dags
[2024-12-08T02:06:13.382+0000] {manager.py:824} INFO - There are 0 files in /opt/airflow/dags
[2024-12-08T02:11:13.877+0000] {manager.py:821} INFO - Searching for files in /opt/airflow/dags
[2024-12-08T02:11:13.879+0000] {manager.py:824} INFO - There are 0 files in /opt/airflow/dags
[2024-12-08T02:16:14.133+0000] {manager.py:821} INFO - Searching for files in /opt/airflow/dags
[2024-12-08T02:16:14.137+0000] {manager.py:824} INFO - There are 0 files in /opt/airflow/dags
[2024-12-08T02:21:14.457+0000] {manager.py:821} INFO - Searching for files in /opt/airflow/dags
[2024-12-08T02:21:14.460+0000] {manager.py:824} INFO - There are 0 files in /opt/airflow/dags
[2024-12-08T02:26:14.733+0000] {manager.py:821} INFO - Searching for files in /opt/airflow/dags
[2024-12-08T02:26:14.735+0000] {manager.py:824} INFO - There are 0 files in /opt/airflow/dags
[2024-12-08T02:31:15.214+0000] {manager.py:821} INFO - Searching for files in /opt/airflow/dags
[2024-12-08T02:31:15.221+0000] {manager.py:824} INFO - There are 0 files in /opt/airflow/dags
[2024-12-08T02:36:15.462+0000] {manager.py:821} INFO - Searching for files in /opt/airflow/dags
[2024-12-08T02:36:15.469+0000] {manager.py:824} INFO - There are 1 files in /opt/airflow/dags
[2024-12-08T02:36:31.889+0000] {manager.py:997} INFO - 
================================================================================
DAG File Processing Stats

File Path                     PID    Runtime      # DAGs    # Errors  Last Runtime    Last Run               Last # of DB Queries
----------------------------  -----  ---------  --------  ----------  --------------  -------------------  ----------------------
/opt/airflow/dags/weather.py                           0           1  0.47s           2024-12-08T02:36:26                       5
================================================================================
[2024-12-08T02:37:02.151+0000] {manager.py:997} INFO - 
================================================================================
DAG File Processing Stats

File Path                     PID    Runtime      # DAGs    # Errors  Last Runtime    Last Run               Last # of DB Queries
----------------------------  -----  ---------  --------  ----------  --------------  -------------------  ----------------------
/opt/airflow/dags/weather.py                           0           1  0.44s           2024-12-08T02:36:58                       5
================================================================================
[2024-12-08T02:37:32.619+0000] {manager.py:997} INFO - 
================================================================================
DAG File Processing Stats

File Path                     PID    Runtime      # DAGs    # Errors  Last Runtime    Last Run               Last # of DB Queries
----------------------------  -----  ---------  --------  ----------  --------------  -------------------  ----------------------
/opt/airflow/dags/weather.py                           0           1  0.31s           2024-12-08T02:37:28                       5
================================================================================
[2024-12-08T02:38:02.687+0000] {manager.py:997} INFO - 
================================================================================
DAG File Processing Stats

File Path                     PID    Runtime      # DAGs    # Errors  Last Runtime    Last Run               Last # of DB Queries
----------------------------  -----  ---------  --------  ----------  --------------  -------------------  ----------------------
/opt/airflow/dags/weather.py                           0           1  0.57s           2024-12-08T02:38:00                       5
================================================================================
[2024-12-08T02:38:32.723+0000] {manager.py:997} INFO - 
================================================================================
DAG File Processing Stats

File Path                       PID  Runtime      # DAGs    # Errors  Last Runtime    Last Run               Last # of DB Queries
----------------------------  -----  ---------  --------  ----------  --------------  -------------------  ----------------------
/opt/airflow/dags/weather.py    643  0.03s             0           1  0.42s           2024-12-08T02:38:30                       5
================================================================================
[2024-12-08T02:39:03.085+0000] {manager.py:997} INFO - 
================================================================================
DAG File Processing Stats

File Path                     PID    Runtime      # DAGs    # Errors  Last Runtime    Last Run               Last # of DB Queries
----------------------------  -----  ---------  --------  ----------  --------------  -------------------  ----------------------
/opt/airflow/dags/weather.py                           0           1  0.37s           2024-12-08T02:39:01                       5
================================================================================
[2024-12-08T02:39:33.191+0000] {manager.py:997} INFO - 
================================================================================
DAG File Processing Stats

File Path                     PID    Runtime      # DAGs    # Errors  Last Runtime    Last Run               Last # of DB Queries
----------------------------  -----  ---------  --------  ----------  --------------  -------------------  ----------------------
/opt/airflow/dags/weather.py                           0           1  0.73s           2024-12-08T02:39:15                       5
================================================================================
[2024-12-08T02:40:03.449+0000] {manager.py:997} INFO - 
================================================================================
DAG File Processing Stats

File Path                     PID    Runtime      # DAGs    # Errors  Last Runtime    Last Run               Last # of DB Queries
----------------------------  -----  ---------  --------  ----------  --------------  -------------------  ----------------------
/opt/airflow/dags/weather.py                           0           1  0.64s           2024-12-08T02:39:59                       5
================================================================================
[2024-12-08T02:40:33.686+0000] {manager.py:997} INFO - 
================================================================================
DAG File Processing Stats

File Path                     PID    Runtime      # DAGs    # Errors  Last Runtime    Last Run               Last # of DB Queries
----------------------------  -----  ---------  --------  ----------  --------------  -------------------  ----------------------
/opt/airflow/dags/weather.py                           0           1  0.57s           2024-12-08T02:40:11                       5
================================================================================
[2024-12-08T02:41:03.722+0000] {manager.py:997} INFO - 
================================================================================
DAG File Processing Stats

File Path                     PID    Runtime      # DAGs    # Errors  Last Runtime    Last Run               Last # of DB Queries
----------------------------  -----  ---------  --------  ----------  --------------  -------------------  ----------------------
/opt/airflow/dags/weather.py                           0           1  0.28s           2024-12-08T02:40:42                       5
================================================================================
[2024-12-08T02:41:15.719+0000] {manager.py:821} INFO - Searching for files in /opt/airflow/dags
[2024-12-08T02:41:15.725+0000] {manager.py:824} INFO - There are 1 files in /opt/airflow/dags
[2024-12-08T02:41:34.495+0000] {manager.py:997} INFO - 
================================================================================
DAG File Processing Stats

File Path                     PID    Runtime      # DAGs    # Errors  Last Runtime    Last Run               Last # of DB Queries
----------------------------  -----  ---------  --------  ----------  --------------  -------------------  ----------------------
/opt/airflow/dags/weather.py                           0           1  0.28s           2024-12-08T02:41:26                       5
================================================================================
[2024-12-08T02:42:04.550+0000] {manager.py:997} INFO - 
================================================================================
DAG File Processing Stats

File Path                     PID    Runtime      # DAGs    # Errors  Last Runtime    Last Run               Last # of DB Queries
----------------------------  -----  ---------  --------  ----------  --------------  -------------------  ----------------------
/opt/airflow/dags/weather.py                           0           1  0.31s           2024-12-08T02:41:57                       5
================================================================================
[2024-12-08T02:42:35.022+0000] {manager.py:997} INFO - 
================================================================================
DAG File Processing Stats

File Path                     PID    Runtime      # DAGs    # Errors  Last Runtime    Last Run               Last # of DB Queries
----------------------------  -----  ---------  --------  ----------  --------------  -------------------  ----------------------
/opt/airflow/dags/weather.py                           0           1  0.17s           2024-12-08T02:42:28                       5
================================================================================
[2024-12-08T02:43:05.943+0000] {manager.py:997} INFO - 
================================================================================
DAG File Processing Stats

File Path                     PID    Runtime      # DAGs    # Errors  Last Runtime    Last Run               Last # of DB Queries
----------------------------  -----  ---------  --------  ----------  --------------  -------------------  ----------------------
/opt/airflow/dags/weather.py                           0           1  0.48s           2024-12-08T02:42:58                       5
================================================================================
[2024-12-08T02:43:36.056+0000] {manager.py:997} INFO - 
================================================================================
DAG File Processing Stats

File Path                     PID    Runtime      # DAGs    # Errors  Last Runtime    Last Run               Last # of DB Queries
----------------------------  -----  ---------  --------  ----------  --------------  -------------------  ----------------------
/opt/airflow/dags/weather.py                           0           1  0.25s           2024-12-08T02:43:31                       5
================================================================================
[2024-12-08T02:44:06.390+0000] {manager.py:997} INFO - 
================================================================================
DAG File Processing Stats

File Path                     PID    Runtime      # DAGs    # Errors  Last Runtime    Last Run               Last # of DB Queries
----------------------------  -----  ---------  --------  ----------  --------------  -------------------  ----------------------
/opt/airflow/dags/weather.py                           0           1  0.38s           2024-12-08T02:44:01                       5
================================================================================
[2024-12-08T02:44:36.677+0000] {manager.py:997} INFO - 
================================================================================
DAG File Processing Stats

File Path                     PID    Runtime      # DAGs    # Errors  Last Runtime    Last Run               Last # of DB Queries
----------------------------  -----  ---------  --------  ----------  --------------  -------------------  ----------------------
/opt/airflow/dags/weather.py                           0           1  0.62s           2024-12-08T02:44:22                       5
================================================================================
[2024-12-08T02:45:06.710+0000] {manager.py:997} INFO - 
================================================================================
DAG File Processing Stats

File Path                     PID    Runtime      # DAGs    # Errors  Last Runtime    Last Run               Last # of DB Queries
----------------------------  -----  ---------  --------  ----------  --------------  -------------------  ----------------------
/opt/airflow/dags/weather.py                           0           1  0.30s           2024-12-08T02:44:53                       5
================================================================================
[2024-12-08T02:45:37.510+0000] {manager.py:997} INFO - 
================================================================================
DAG File Processing Stats

File Path                     PID    Runtime      # DAGs    # Errors  Last Runtime    Last Run               Last # of DB Queries
----------------------------  -----  ---------  --------  ----------  --------------  -------------------  ----------------------
/opt/airflow/dags/weather.py                           0           1  0.39s           2024-12-08T02:45:24                       5
================================================================================
[2024-12-08T02:46:07.905+0000] {manager.py:997} INFO - 
================================================================================
DAG File Processing Stats

File Path                     PID    Runtime      # DAGs    # Errors  Last Runtime    Last Run               Last # of DB Queries
----------------------------  -----  ---------  --------  ----------  --------------  -------------------  ----------------------
/opt/airflow/dags/weather.py                           0           1  0.48s           2024-12-08T02:45:55                       5
================================================================================
[2024-12-08T02:46:16.134+0000] {manager.py:821} INFO - Searching for files in /opt/airflow/dags
[2024-12-08T02:46:16.137+0000] {manager.py:824} INFO - There are 1 files in /opt/airflow/dags
[2024-12-08T02:46:38.588+0000] {manager.py:997} INFO - 
================================================================================
DAG File Processing Stats

File Path                     PID    Runtime      # DAGs    # Errors  Last Runtime    Last Run               Last # of DB Queries
----------------------------  -----  ---------  --------  ----------  --------------  -------------------  ----------------------
/opt/airflow/dags/weather.py                           0           1  0.67s           2024-12-08T02:46:26                       5
================================================================================
[2024-12-08T02:47:08.611+0000] {manager.py:997} INFO - 
================================================================================
DAG File Processing Stats

File Path                     PID    Runtime      # DAGs    # Errors  Last Runtime    Last Run               Last # of DB Queries
----------------------------  -----  ---------  --------  ----------  --------------  -------------------  ----------------------
/opt/airflow/dags/weather.py                           0           1  0.28s           2024-12-08T02:46:57                       5
================================================================================
[2024-12-08T02:47:39.529+0000] {manager.py:997} INFO - 
================================================================================
DAG File Processing Stats

File Path                     PID    Runtime      # DAGs    # Errors  Last Runtime    Last Run               Last # of DB Queries
----------------------------  -----  ---------  --------  ----------  --------------  -------------------  ----------------------
/opt/airflow/dags/weather.py                           0           1  0.41s           2024-12-08T02:47:28                       5
================================================================================
[2024-12-08T02:48:09.702+0000] {manager.py:997} INFO - 
================================================================================
DAG File Processing Stats

File Path                       PID  Runtime      # DAGs    # Errors  Last Runtime    Last Run               Last # of DB Queries
----------------------------  -----  ---------  --------  ----------  --------------  -------------------  ----------------------
/opt/airflow/dags/weather.py    788  7.43s             0           1  0.26s           2024-12-08T02:47:59                       5
================================================================================
[2024-12-08T02:48:39.814+0000] {manager.py:997} INFO - 
================================================================================
DAG File Processing Stats

File Path                     PID    Runtime      # DAGs    # Errors  Last Runtime    Last Run               Last # of DB Queries
----------------------------  -----  ---------  --------  ----------  --------------  -------------------  ----------------------
/opt/airflow/dags/weather.py                           0           1  5.04s           2024-12-08T02:48:39                       5
================================================================================
[2024-12-08T02:49:10.165+0000] {manager.py:997} INFO - 
================================================================================
DAG File Processing Stats

File Path                     PID    Runtime      # DAGs    # Errors  Last Runtime    Last Run               Last # of DB Queries
----------------------------  -----  ---------  --------  ----------  --------------  -------------------  ----------------------
/opt/airflow/dags/weather.py                           0           1  3.02s           2024-12-08T02:48:51                       5
================================================================================
[2024-12-08T02:49:40.184+0000] {manager.py:997} INFO - 
================================================================================
DAG File Processing Stats

File Path                     PID    Runtime      # DAGs    # Errors  Last Runtime    Last Run               Last # of DB Queries
----------------------------  -----  ---------  --------  ----------  --------------  -------------------  ----------------------
/opt/airflow/dags/weather.py                           1           0  9.57s           2024-12-08T02:49:26                      45
================================================================================
[2024-12-08T02:50:10.301+0000] {manager.py:997} INFO - 
================================================================================
DAG File Processing Stats

File Path                     PID    Runtime      # DAGs    # Errors  Last Runtime    Last Run               Last # of DB Queries
----------------------------  -----  ---------  --------  ----------  --------------  -------------------  ----------------------
/opt/airflow/dags/weather.py                           1           0  6.83s           2024-12-08T02:50:04                      34
================================================================================
[2024-12-08T02:50:40.398+0000] {manager.py:997} INFO - 
================================================================================
DAG File Processing Stats

File Path                       PID  Runtime      # DAGs    # Errors  Last Runtime    Last Run               Last # of DB Queries
----------------------------  -----  ---------  --------  ----------  --------------  -------------------  ----------------------
/opt/airflow/dags/weather.py    828  5.41s             1           0  6.83s           2024-12-08T02:50:04                      34
================================================================================
[2024-12-08T02:51:10.608+0000] {manager.py:997} INFO - 
================================================================================
DAG File Processing Stats

File Path                     PID    Runtime      # DAGs    # Errors  Last Runtime    Last Run               Last # of DB Queries
----------------------------  -----  ---------  --------  ----------  --------------  -------------------  ----------------------
/opt/airflow/dags/weather.py                           0           1  7.60s           2024-12-08T02:50:42                       3
================================================================================
[2024-12-08T02:51:16.161+0000] {manager.py:821} INFO - Searching for files in /opt/airflow/dags
[2024-12-08T02:51:16.180+0000] {manager.py:824} INFO - There are 1 files in /opt/airflow/dags
[2024-12-08T02:51:40.855+0000] {manager.py:997} INFO - 
================================================================================
DAG File Processing Stats

File Path                     PID    Runtime      # DAGs    # Errors  Last Runtime    Last Run               Last # of DB Queries
----------------------------  -----  ---------  --------  ----------  --------------  -------------------  ----------------------
/opt/airflow/dags/weather.py                           0           1  4.79s           2024-12-08T02:51:17                       5
================================================================================
[2024-12-08T02:52:11.154+0000] {manager.py:997} INFO - 
================================================================================
DAG File Processing Stats

File Path                     PID    Runtime      # DAGs    # Errors  Last Runtime    Last Run               Last # of DB Queries
----------------------------  -----  ---------  --------  ----------  --------------  -------------------  ----------------------
/opt/airflow/dags/weather.py                           0           1  6.85s           2024-12-08T02:51:54                       5
================================================================================
[2024-12-08T02:52:41.418+0000] {manager.py:997} INFO - 
================================================================================
DAG File Processing Stats

File Path                     PID    Runtime      # DAGs    # Errors  Last Runtime    Last Run               Last # of DB Queries
----------------------------  -----  ---------  --------  ----------  --------------  -------------------  ----------------------
/opt/airflow/dags/weather.py                           1           0  5.06s           2024-12-08T02:52:21                      34
================================================================================
[2024-12-08T02:53:11.595+0000] {manager.py:997} INFO - 
================================================================================
DAG File Processing Stats

File Path                     PID    Runtime      # DAGs    # Errors  Last Runtime    Last Run               Last # of DB Queries
----------------------------  -----  ---------  --------  ----------  --------------  -------------------  ----------------------
/opt/airflow/dags/weather.py                           1           0  7.89s           2024-12-08T02:52:59                      12
================================================================================
[2024-12-08T02:53:42.095+0000] {manager.py:997} INFO - 
================================================================================
DAG File Processing Stats

File Path                     PID    Runtime      # DAGs    # Errors  Last Runtime    Last Run               Last # of DB Queries
----------------------------  -----  ---------  --------  ----------  --------------  -------------------  ----------------------
/opt/airflow/dags/weather.py                           1           0  5.25s           2024-12-08T02:53:34                      12
================================================================================
[2024-12-08T02:54:12.850+0000] {manager.py:997} INFO - 
================================================================================
DAG File Processing Stats

File Path                     PID    Runtime      # DAGs    # Errors  Last Runtime    Last Run               Last # of DB Queries
----------------------------  -----  ---------  --------  ----------  --------------  -------------------  ----------------------
/opt/airflow/dags/weather.py                           1           0  5.28s           2024-12-08T02:54:10                      12
================================================================================
[2024-12-08T02:54:43.262+0000] {manager.py:997} INFO - 
================================================================================
DAG File Processing Stats

File Path                       PID  Runtime      # DAGs    # Errors  Last Runtime    Last Run               Last # of DB Queries
----------------------------  -----  ---------  --------  ----------  --------------  -------------------  ----------------------
/opt/airflow/dags/weather.py    890  2.23s             1           0  5.28s           2024-12-08T02:54:10                      12
================================================================================
[2024-12-08T02:55:13.711+0000] {manager.py:997} INFO - 
================================================================================
DAG File Processing Stats

File Path                     PID    Runtime      # DAGs    # Errors  Last Runtime    Last Run               Last # of DB Queries
----------------------------  -----  ---------  --------  ----------  --------------  -------------------  ----------------------
/opt/airflow/dags/weather.py                           1           0  7.84s           2024-12-08T02:54:48                      12
================================================================================
[2024-12-08T02:55:44.181+0000] {manager.py:997} INFO - 
================================================================================
DAG File Processing Stats

File Path                     PID    Runtime      # DAGs    # Errors  Last Runtime    Last Run               Last # of DB Queries
----------------------------  -----  ---------  --------  ----------  --------------  -------------------  ----------------------
/opt/airflow/dags/weather.py                           1           0  9.80s           2024-12-08T02:55:28                      12
================================================================================
[2024-12-08T02:56:15.015+0000] {manager.py:997} INFO - 
================================================================================
DAG File Processing Stats

File Path                     PID    Runtime      # DAGs    # Errors  Last Runtime    Last Run               Last # of DB Queries
----------------------------  -----  ---------  --------  ----------  --------------  -------------------  ----------------------
/opt/airflow/dags/weather.py                           1           0  6.15s           2024-12-08T02:56:05                      12
================================================================================
[2024-12-08T02:56:17.054+0000] {manager.py:821} INFO - Searching for files in /opt/airflow/dags
[2024-12-08T02:56:17.057+0000] {manager.py:824} INFO - There are 1 files in /opt/airflow/dags
[2024-12-08T02:56:45.646+0000] {manager.py:997} INFO - 
================================================================================
DAG File Processing Stats

File Path                     PID    Runtime      # DAGs    # Errors  Last Runtime    Last Run               Last # of DB Queries
----------------------------  -----  ---------  --------  ----------  --------------  -------------------  ----------------------
/opt/airflow/dags/weather.py                           1           0  4.52s           2024-12-08T02:56:40                      12
================================================================================
[2024-12-08T02:57:15.987+0000] {manager.py:997} INFO - 
================================================================================
DAG File Processing Stats

File Path                     PID    Runtime      # DAGs    # Errors  Last Runtime    Last Run               Last # of DB Queries
----------------------------  -----  ---------  --------  ----------  --------------  -------------------  ----------------------
/opt/airflow/dags/weather.py                           1           0  2.74s           2024-12-08T02:57:13                      12
================================================================================
[2024-12-08T02:57:46.303+0000] {manager.py:997} INFO - 
================================================================================
DAG File Processing Stats

File Path                       PID  Runtime      # DAGs    # Errors  Last Runtime    Last Run               Last # of DB Queries
----------------------------  -----  ---------  --------  ----------  --------------  -------------------  ----------------------
/opt/airflow/dags/weather.py    933  2.15s             1           0  2.74s           2024-12-08T02:57:13                      12
================================================================================
[2024-12-08T02:58:16.732+0000] {manager.py:997} INFO - 
================================================================================
DAG File Processing Stats

File Path                     PID    Runtime      # DAGs    # Errors  Last Runtime    Last Run               Last # of DB Queries
----------------------------  -----  ---------  --------  ----------  --------------  -------------------  ----------------------
/opt/airflow/dags/weather.py                           1           0  9.05s           2024-12-08T02:57:53                      12
================================================================================
[2024-12-08T02:58:47.040+0000] {manager.py:997} INFO - 
================================================================================
DAG File Processing Stats

File Path                     PID    Runtime      # DAGs    # Errors  Last Runtime    Last Run               Last # of DB Queries
----------------------------  -----  ---------  --------  ----------  --------------  -------------------  ----------------------
/opt/airflow/dags/weather.py                           1           0  9.34s           2024-12-08T02:58:32                      12
================================================================================
[2024-12-08T02:59:17.161+0000] {manager.py:997} INFO - 
================================================================================
DAG File Processing Stats

File Path                     PID    Runtime      # DAGs    # Errors  Last Runtime    Last Run               Last # of DB Queries
----------------------------  -----  ---------  --------  ----------  --------------  -------------------  ----------------------
/opt/airflow/dags/weather.py                           1           0  11.57s          2024-12-08T02:59:15                      12
================================================================================
[2024-12-08T02:59:47.517+0000] {manager.py:997} INFO - 
================================================================================
DAG File Processing Stats

File Path                       PID  Runtime      # DAGs    # Errors  Last Runtime    Last Run               Last # of DB Queries
----------------------------  -----  ---------  --------  ----------  --------------  -------------------  ----------------------
/opt/airflow/dags/weather.py    964  2.23s             1           0  11.57s          2024-12-08T02:59:15                      12
================================================================================
[2024-12-08T03:00:17.969+0000] {manager.py:997} INFO - 
================================================================================
DAG File Processing Stats

File Path                     PID    Runtime      # DAGs    # Errors  Last Runtime    Last Run               Last # of DB Queries
----------------------------  -----  ---------  --------  ----------  --------------  -------------------  ----------------------
/opt/airflow/dags/weather.py                           1           0  3.21s           2024-12-08T02:59:48                      12
================================================================================
[2024-12-08T03:00:48.807+0000] {manager.py:997} INFO - 
================================================================================
DAG File Processing Stats

File Path                     PID    Runtime      # DAGs    # Errors  Last Runtime    Last Run               Last # of DB Queries
----------------------------  -----  ---------  --------  ----------  --------------  -------------------  ----------------------
/opt/airflow/dags/weather.py                           1           0  7.78s           2024-12-08T03:00:26                      12
================================================================================
[2024-12-08T03:01:17.820+0000] {manager.py:821} INFO - Searching for files in /opt/airflow/dags
[2024-12-08T03:01:17.830+0000] {manager.py:824} INFO - There are 1 files in /opt/airflow/dags
[2024-12-08T03:01:19.031+0000] {manager.py:997} INFO - 
================================================================================
DAG File Processing Stats

File Path                     PID    Runtime      # DAGs    # Errors  Last Runtime    Last Run               Last # of DB Queries
----------------------------  -----  ---------  --------  ----------  --------------  -------------------  ----------------------
/opt/airflow/dags/weather.py                           1           0  5.44s           2024-12-08T03:01:02                      12
================================================================================
[2024-12-08T03:01:50.016+0000] {manager.py:997} INFO - 
================================================================================
DAG File Processing Stats

File Path                     PID    Runtime      # DAGs    # Errors  Last Runtime    Last Run               Last # of DB Queries
----------------------------  -----  ---------  --------  ----------  --------------  -------------------  ----------------------
/opt/airflow/dags/weather.py                           1           0  6.36s           2024-12-08T03:01:39                      12
================================================================================
[2024-12-08T03:02:20.982+0000] {manager.py:997} INFO - 
================================================================================
DAG File Processing Stats

File Path                     PID    Runtime      # DAGs    # Errors  Last Runtime    Last Run               Last # of DB Queries
----------------------------  -----  ---------  --------  ----------  --------------  -------------------  ----------------------
/opt/airflow/dags/weather.py                           1           0  3.24s           2024-12-08T03:02:13                      12
================================================================================
[2024-12-08T03:02:51.067+0000] {manager.py:997} INFO - 
================================================================================
DAG File Processing Stats

File Path                     PID    Runtime      # DAGs    # Errors  Last Runtime    Last Run               Last # of DB Queries
----------------------------  -----  ---------  --------  ----------  --------------  -------------------  ----------------------
/opt/airflow/dags/weather.py                           1           0  5.60s           2024-12-08T03:02:50                      12
================================================================================
[2024-12-08T03:03:21.129+0000] {manager.py:997} INFO - 
================================================================================
DAG File Processing Stats

File Path                       PID  Runtime      # DAGs    # Errors  Last Runtime    Last Run               Last # of DB Queries
----------------------------  -----  ---------  --------  ----------  --------------  -------------------  ----------------------
/opt/airflow/dags/weather.py   1019  0.35s             1           0  5.60s           2024-12-08T03:02:50                      12
================================================================================
[2024-12-08T03:03:51.964+0000] {manager.py:997} INFO - 
================================================================================
DAG File Processing Stats

File Path                     PID    Runtime      # DAGs    # Errors  Last Runtime    Last Run               Last # of DB Queries
----------------------------  -----  ---------  --------  ----------  --------------  -------------------  ----------------------
/opt/airflow/dags/weather.py                           1           0  5.50s           2024-12-08T03:03:26                      12
================================================================================
[2024-12-08T03:04:22.356+0000] {manager.py:997} INFO - 
================================================================================
DAG File Processing Stats

File Path                     PID    Runtime      # DAGs    # Errors  Last Runtime    Last Run               Last # of DB Queries
----------------------------  -----  ---------  --------  ----------  --------------  -------------------  ----------------------
/opt/airflow/dags/weather.py                           1           0  6.84s           2024-12-08T03:04:03                      12
================================================================================
[2024-12-08T03:04:52.704+0000] {manager.py:997} INFO - 
================================================================================
DAG File Processing Stats

File Path                     PID    Runtime      # DAGs    # Errors  Last Runtime    Last Run               Last # of DB Queries
----------------------------  -----  ---------  --------  ----------  --------------  -------------------  ----------------------
/opt/airflow/dags/weather.py                           1           0  6.34s           2024-12-08T03:04:41                      12
================================================================================
[2024-12-08T03:05:22.895+0000] {manager.py:997} INFO - 
================================================================================
DAG File Processing Stats

File Path                     PID    Runtime      # DAGs    # Errors  Last Runtime    Last Run               Last # of DB Queries
----------------------------  -----  ---------  --------  ----------  --------------  -------------------  ----------------------
/opt/airflow/dags/weather.py                           1           0  4.01s           2024-12-08T03:05:15                      12
================================================================================
[2024-12-08T03:05:53.323+0000] {manager.py:997} INFO - 
================================================================================
DAG File Processing Stats

File Path                     PID    Runtime      # DAGs    # Errors  Last Runtime    Last Run               Last # of DB Queries
----------------------------  -----  ---------  --------  ----------  --------------  -------------------  ----------------------
/opt/airflow/dags/weather.py                           1           0  5.76s           2024-12-08T03:05:51                      12
================================================================================
[2024-12-08T03:06:17.962+0000] {manager.py:821} INFO - Searching for files in /opt/airflow/dags
[2024-12-08T03:06:17.979+0000] {manager.py:824} INFO - There are 1 files in /opt/airflow/dags
[2024-12-08T03:06:23.445+0000] {manager.py:997} INFO - 
================================================================================
DAG File Processing Stats

File Path                       PID  Runtime      # DAGs    # Errors  Last Runtime    Last Run               Last # of DB Queries
----------------------------  -----  ---------  --------  ----------  --------------  -------------------  ----------------------
/opt/airflow/dags/weather.py   1062  2.19s             1           0  5.76s           2024-12-08T03:05:51                      12
================================================================================
[2024-12-08T03:06:53.819+0000] {manager.py:997} INFO - 
================================================================================
DAG File Processing Stats

File Path                     PID    Runtime      # DAGs    # Errors  Last Runtime    Last Run               Last # of DB Queries
----------------------------  -----  ---------  --------  ----------  --------------  -------------------  ----------------------
/opt/airflow/dags/weather.py                           1           0  2.88s           2024-12-08T03:06:24                      12
================================================================================
[2024-12-08T03:07:23.955+0000] {manager.py:997} INFO - 
================================================================================
DAG File Processing Stats

File Path                     PID    Runtime      # DAGs    # Errors  Last Runtime    Last Run               Last # of DB Queries
----------------------------  -----  ---------  --------  ----------  --------------  -------------------  ----------------------
/opt/airflow/dags/weather.py                           1           0  5.53s           2024-12-08T03:07:00                      12
================================================================================
[2024-12-08T03:07:54.143+0000] {manager.py:997} INFO - 
================================================================================
DAG File Processing Stats

File Path                     PID    Runtime      # DAGs    # Errors  Last Runtime    Last Run               Last # of DB Queries
----------------------------  -----  ---------  --------  ----------  --------------  -------------------  ----------------------
/opt/airflow/dags/weather.py                           1           0  7.50s           2024-12-08T03:07:38                      12
================================================================================
[2024-12-08T03:08:24.589+0000] {manager.py:997} INFO - 
================================================================================
DAG File Processing Stats

File Path                     PID    Runtime      # DAGs    # Errors  Last Runtime    Last Run               Last # of DB Queries
----------------------------  -----  ---------  --------  ----------  --------------  -------------------  ----------------------
/opt/airflow/dags/weather.py                           1           0  5.29s           2024-12-08T03:08:14                      12
================================================================================
[2024-12-08T03:08:54.683+0000] {manager.py:997} INFO - 
================================================================================
DAG File Processing Stats

File Path                     PID    Runtime      # DAGs    # Errors  Last Runtime    Last Run               Last # of DB Queries
----------------------------  -----  ---------  --------  ----------  --------------  -------------------  ----------------------
/opt/airflow/dags/weather.py                           1           0  9.45s           2024-12-08T03:08:54                      12
================================================================================
[2024-12-08T03:09:25.326+0000] {manager.py:997} INFO - 
================================================================================
DAG File Processing Stats

File Path                       PID  Runtime      # DAGs    # Errors  Last Runtime    Last Run               Last # of DB Queries
----------------------------  -----  ---------  --------  ----------  --------------  -------------------  ----------------------
/opt/airflow/dags/weather.py   1108  0.02s             1           0  9.45s           2024-12-08T03:08:54                      12
================================================================================
[2024-12-08T03:09:55.490+0000] {manager.py:997} INFO - 
================================================================================
DAG File Processing Stats

File Path                     PID    Runtime      # DAGs    # Errors  Last Runtime    Last Run               Last # of DB Queries
----------------------------  -----  ---------  --------  ----------  --------------  -------------------  ----------------------
/opt/airflow/dags/weather.py                           1           0  6.84s           2024-12-08T03:09:32                      12
================================================================================
