[2024-12-08T02:52:48.503+0000] {local_task_job_runner.py:123} INFO - ::group::Pre task execution logs
[2024-12-08T02:52:48.632+0000] {taskinstance.py:2613} INFO - Dependencies all met for dep_context=non-requeueable deps ti=<TaskInstance: weather.sao_jose_dos_campos manual__2024-12-08T02:52:34.702639+00:00 [queued]>
[2024-12-08T02:52:48.717+0000] {taskinstance.py:2613} INFO - Dependencies all met for dep_context=requeueable deps ti=<TaskInstance: weather.sao_jose_dos_campos manual__2024-12-08T02:52:34.702639+00:00 [queued]>
[2024-12-08T02:52:48.721+0000] {taskinstance.py:2866} INFO - Starting attempt 1 of 1
[2024-12-08T02:52:48.912+0000] {taskinstance.py:2889} INFO - Executing <Task(PythonOperator): sao_jose_dos_campos> on 2024-12-08 02:52:34.702639+00:00
[2024-12-08T02:52:48.973+0000] {standard_task_runner.py:72} INFO - Started process 724 to run task
[2024-12-08T02:52:48.996+0000] {standard_task_runner.py:104} INFO - Running: ['***', 'tasks', 'run', 'weather', 'sao_jose_dos_campos', 'manual__2024-12-08T02:52:34.702639+00:00', '--job-id', '11', '--raw', '--subdir', 'DAGS_FOLDER/weather.py', '--cfg-path', '/tmp/tmp7g17rjqg']
[2024-12-08T02:52:49.023+0000] {standard_task_runner.py:105} INFO - Job 11: Subtask sao_jose_dos_campos
[2024-12-08T02:52:49.341+0000] {task_command.py:467} INFO - Running <TaskInstance: weather.sao_jose_dos_campos manual__2024-12-08T02:52:34.702639+00:00 [running]> on host 0a2a59cdcaa8
[2024-12-08T02:52:49.809+0000] {taskinstance.py:3132} INFO - Exporting env vars: AIRFLOW_CTX_DAG_OWNER='dnc' AIRFLOW_CTX_DAG_ID='weather' AIRFLOW_CTX_TASK_ID='sao_jose_dos_campos' AIRFLOW_CTX_EXECUTION_DATE='2024-12-08T02:52:34.702639+00:00' AIRFLOW_CTX_TRY_NUMBER='1' AIRFLOW_CTX_DAG_RUN_ID='manual__2024-12-08T02:52:34.702639+00:00'
[2024-12-08T02:52:49.815+0000] {taskinstance.py:731} INFO - ::endgroup::
[2024-12-08T02:52:51.574+0000] {logging_mixin.py:190} INFO - Coordinates -23.125°N -45.875°E
[2024-12-08T02:52:51.574+0000] {logging_mixin.py:190} INFO - Elevation 596.0 m asl
[2024-12-08T02:52:51.576+0000] {logging_mixin.py:190} INFO - Timezone None None
[2024-12-08T02:52:51.576+0000] {logging_mixin.py:190} INFO - Timezone difference to GMT+0 0 s
[2024-12-08T02:52:51.753+0000] {logging_mixin.py:190} INFO -                            date  temperature_2m
0     2020-01-01 00:00:00+00:00             NaN
1     2020-01-01 01:00:00+00:00             NaN
2     2020-01-01 02:00:00+00:00             NaN
3     2020-01-01 03:00:00+00:00             NaN
4     2020-01-01 04:00:00+00:00             NaN
...                         ...             ...
43099 2024-11-30 19:00:00+00:00       28.313000
43100 2024-11-30 20:00:00+00:00       27.213001
43101 2024-11-30 21:00:00+00:00       26.163000
43102 2024-11-30 22:00:00+00:00       25.013000
43103 2024-11-30 23:00:00+00:00       23.863001

[43104 rows x 2 columns]
[2024-12-08T02:52:51.757+0000] {python.py:240} INFO - Done. Returned value was: None
[2024-12-08T02:52:51.853+0000] {taskinstance.py:340} INFO - ::group::Post task execution logs
[2024-12-08T02:52:51.857+0000] {taskinstance.py:352} INFO - Marking task as SUCCESS. dag_id=weather, task_id=sao_jose_dos_campos, run_id=manual__2024-12-08T02:52:34.702639+00:00, execution_date=20241208T025234, start_date=20241208T025248, end_date=20241208T025251
[2024-12-08T02:52:51.997+0000] {local_task_job_runner.py:266} INFO - Task exited with return code 0
[2024-12-08T02:52:52.091+0000] {taskinstance.py:3895} INFO - 0 downstream tasks scheduled from follow-on schedule check
[2024-12-08T02:52:52.116+0000] {local_task_job_runner.py:245} INFO - ::endgroup::
